<?xml version="1.0" encoding="UTF-8" ?>
<testsuite failures="4" time="0.349" errors="0" skipped="0" tests="5" name="com.ericsson.sipcontainer.extension.SubsystemParsingTestCase">
  <properties>
    <property name="java.runtime.name" value="OpenJDK Runtime Environment"/>
    <property name="sun.boot.library.path" value="/usr/lib/jvm/java-1.6.0-openjdk-1.6.0.0.x86_64/jre/lib/amd64"/>
    <property name="java.vm.version" value="20.0-b12"/>
    <property name="java.vm.vendor" value="Sun Microsystems Inc."/>
    <property name="java.vendor.url" value="http://java.sun.com/"/>
    <property name="path.separator" value=":"/>
    <property name="java.vm.name" value="OpenJDK 64-Bit Server VM"/>
    <property name="file.encoding.pkg" value="sun.io"/>
    <property name="user.country" value="US"/>
    <property name="sun.java.launcher" value="SUN_STANDARD"/>
    <property name="sun.os.patch.level" value="unknown"/>
    <property name="java.vm.specification.name" value="Java Virtual Machine Specification"/>
    <property name="user.dir" value="/home/miguel/workspace/github.com/sipcontainer"/>
    <property name="java.runtime.version" value="1.6.0_24-b24"/>
    <property name="java.awt.graphicsenv" value="sun.awt.X11GraphicsEnvironment"/>
    <property name="basedir" value="/home/miguel/workspace/github.com/sipcontainer"/>
    <property name="java.endorsed.dirs" value="/usr/lib/jvm/java-1.6.0-openjdk-1.6.0.0.x86_64/jre/lib/endorsed"/>
    <property name="os.arch" value="amd64"/>
    <property name="surefire.real.class.path" value="/home/miguel/workspace/github.com/sipcontainer/target/surefire/surefirebooter569280881299738344.jar"/>
    <property name="java.io.tmpdir" value="/tmp"/>
    <property name="line.separator" value="
"/>
    <property name="java.vm.specification.vendor" value="Sun Microsystems Inc."/>
    <property name="os.name" value="Linux"/>
    <property name="sun.jnu.encoding" value="UTF-8"/>
    <property name="java.library.path" value="/usr/lib/jvm/java-1.6.0-openjdk-1.6.0.0.x86_64/jre/lib/amd64/server:/usr/lib/jvm/java-1.6.0-openjdk-1.6.0.0.x86_64/jre/lib/amd64:/usr/lib/jvm/java-1.6.0-openjdk-1.6.0.0.x86_64/jre/../lib/amd64:/usr/java/packages/lib/amd64:/usr/lib64:/lib64:/lib:/usr/lib"/>
    <property name="surefire.test.class.path" value="/home/miguel/workspace/github.com/sipcontainer/target/test-classes:/home/miguel/workspace/github.com/sipcontainer/target/classes:/home/miguel/.m2/repository/org/jboss/as/jboss-as-controller/7.1.0.CR1/jboss-as-controller-7.1.0.CR1.jar:/home/miguel/.m2/repository/org/jboss/jboss-dmr/1.1.1.Final/jboss-dmr-1.1.1.Final.jar:/home/miguel/.m2/repository/org/jboss/as/jboss-as-controller-client/7.1.0.CR1/jboss-as-controller-client-7.1.0.CR1.jar:/home/miguel/.m2/repository/org/jboss/as/jboss-as-protocol/7.1.0.CR1/jboss-as-protocol-7.1.0.CR1.jar:/home/miguel/.m2/repository/org/jboss/xnio/xnio-nio/3.0.0.CR5/xnio-nio-3.0.0.CR5.jar:/home/miguel/.m2/repository/org/jboss/modules/jboss-modules/1.1.0.CR6/jboss-modules-1.1.0.CR6.jar:/home/miguel/.m2/repository/org/jboss/msc/jboss-msc/1.0.1.GA/jboss-msc-1.0.1.GA.jar:/home/miguel/.m2/repository/org/jboss/staxmapper/1.0.0.Final/staxmapper-1.0.0.Final.jar:/home/miguel/.m2/repository/org/jboss/as/jboss-as-build-config/7.1.0.CR1/jboss-as-build-config-7.1.0.CR1.jar:/home/miguel/.m2/repository/org/jboss/as/jboss-as-server/7.1.0.CR1/jboss-as-server-7.1.0.CR1.jar:/home/miguel/.m2/repository/org/jboss/as/jboss-as-domain-http-interface/7.1.0.CR1/jboss-as-domain-http-interface-7.1.0.CR1.jar:/home/miguel/.m2/repository/org/jboss/as/jboss-as-domain-management/7.1.0.CR1/jboss-as-domain-management-7.1.0.CR1.jar:/home/miguel/.m2/repository/org/jboss/jboss-common-core/2.2.17.GA/jboss-common-core-2.2.17.GA.jar:/home/miguel/.m2/repository/org/jboss/com/sun/httpserver/httpserver/1.0.0.Beta3/httpserver-1.0.0.Beta3.jar:/home/miguel/.m2/repository/org/jboss/as/jboss-as-deployment-repository/7.1.0.CR1/jboss-as-deployment-repository-7.1.0.CR1.jar:/home/miguel/.m2/repository/org/jboss/as/jboss-as-embedded/7.1.0.CR1/jboss-as-embedded-7.1.0.CR1.jar:/home/miguel/.m2/repository/org/jboss/as/jboss-as-platform-mbean/7.1.0.CR1/jboss-as-platform-mbean-7.1.0.CR1.jar:/home/miguel/.m2/repository/org/jboss/as/jboss-as-process-controller/7.1.0.CR1/jboss-as-process-controller-7.1.0.CR1.jar:/usr/lib/jvm/java-1.6.0-openjdk-1.6.0.0.x86_64/jre/../lib/tools.jar:/home/miguel/.m2/repository/org/jboss/as/jboss-as-remoting/7.1.0.CR1/jboss-as-remoting-7.1.0.CR1.jar:/home/miguel/.m2/repository/org/jboss/as/jboss-as-network/7.1.0.CR1/jboss-as-network-7.1.0.CR1.jar:/home/miguel/.m2/repository/org/jboss/as/jboss-as-threads/7.1.0.CR1/jboss-as-threads-7.1.0.CR1.jar:/home/miguel/.m2/repository/org/jboss/xnio/xnio-api/3.0.0.CR5/xnio-api-3.0.0.CR5.jar:/home/miguel/.m2/repository/org/jboss/jandex/1.0.3.Final/jandex-1.0.3.Final.jar:/home/miguel/.m2/repository/org/jboss/invocation/jboss-invocation/1.1.1.Final/jboss-invocation-1.1.1.Final.jar:/home/miguel/.m2/repository/org/jboss/logging/jboss-logging/3.1.0.CR2/jboss-logging-3.1.0.CR2.jar:/home/miguel/.m2/repository/org/jboss/logmanager/jboss-logmanager/1.2.0.GA/jboss-logmanager-1.2.0.GA.jar:/home/miguel/.m2/repository/org/jboss/logmanager/jboss-logmanager-log4j/1.0.0.GA/jboss-logmanager-log4j-1.0.0.GA.jar:/home/miguel/.m2/repository/org/jboss/marshalling/jboss-marshalling/1.3.4.GA/jboss-marshalling-1.3.4.GA.jar:/home/miguel/.m2/repository/org/jboss/remoting3/jboss-remoting/3.2.0.CR6-darranl-1/jboss-remoting-3.2.0.CR6-darranl-1.jar:/home/miguel/.m2/repository/org/jboss/sasl/jboss-sasl/1.0.0.Beta9/jboss-sasl-1.0.0.Beta9.jar:/home/miguel/.m2/repository/org/jboss/stdio/jboss-stdio/1.0.1.GA/jboss-stdio-1.0.1.GA.jar:/home/miguel/.m2/repository/org/jboss/threads/jboss-threads/2.0.0.GA/jboss-threads-2.0.0.GA.jar:/home/miguel/.m2/repository/org/jboss/jboss-vfs/3.1.0.CR1/jboss-vfs-3.1.0.CR1.jar:/home/miguel/.m2/repository/org/jboss/as/jboss-as-subsystem-test/7.1.0.CR1/jboss-as-subsystem-test-7.1.0.CR1.jar:/home/miguel/.m2/repository/junit/junit/4.8.2/junit-4.8.2.jar:"/>
    <property name="java.specification.name" value="Java Platform API Specification"/>
    <property name="java.class.version" value="50.0"/>
    <property name="sun.management.compiler" value="HotSpot 64-Bit Tiered Compilers"/>
    <property name="os.version" value="3.2.5-3.fc16.x86_64"/>
    <property name="user.home" value="/home/miguel"/>
    <property name="user.timezone" value="Europe/Mariehamn"/>
    <property name="java.awt.printerjob" value="sun.print.PSPrinterJob"/>
    <property name="file.encoding" value="UTF-8"/>
    <property name="java.specification.version" value="1.6"/>
    <property name="user.name" value="miguel"/>
    <property name="java.class.path" value="/home/miguel/workspace/github.com/sipcontainer/target/test-classes:/home/miguel/workspace/github.com/sipcontainer/target/classes:/home/miguel/.m2/repository/org/jboss/as/jboss-as-controller/7.1.0.CR1/jboss-as-controller-7.1.0.CR1.jar:/home/miguel/.m2/repository/org/jboss/jboss-dmr/1.1.1.Final/jboss-dmr-1.1.1.Final.jar:/home/miguel/.m2/repository/org/jboss/as/jboss-as-controller-client/7.1.0.CR1/jboss-as-controller-client-7.1.0.CR1.jar:/home/miguel/.m2/repository/org/jboss/as/jboss-as-protocol/7.1.0.CR1/jboss-as-protocol-7.1.0.CR1.jar:/home/miguel/.m2/repository/org/jboss/xnio/xnio-nio/3.0.0.CR5/xnio-nio-3.0.0.CR5.jar:/home/miguel/.m2/repository/org/jboss/modules/jboss-modules/1.1.0.CR6/jboss-modules-1.1.0.CR6.jar:/home/miguel/.m2/repository/org/jboss/msc/jboss-msc/1.0.1.GA/jboss-msc-1.0.1.GA.jar:/home/miguel/.m2/repository/org/jboss/staxmapper/1.0.0.Final/staxmapper-1.0.0.Final.jar:/home/miguel/.m2/repository/org/jboss/as/jboss-as-build-config/7.1.0.CR1/jboss-as-build-config-7.1.0.CR1.jar:/home/miguel/.m2/repository/org/jboss/as/jboss-as-server/7.1.0.CR1/jboss-as-server-7.1.0.CR1.jar:/home/miguel/.m2/repository/org/jboss/as/jboss-as-domain-http-interface/7.1.0.CR1/jboss-as-domain-http-interface-7.1.0.CR1.jar:/home/miguel/.m2/repository/org/jboss/as/jboss-as-domain-management/7.1.0.CR1/jboss-as-domain-management-7.1.0.CR1.jar:/home/miguel/.m2/repository/org/jboss/jboss-common-core/2.2.17.GA/jboss-common-core-2.2.17.GA.jar:/home/miguel/.m2/repository/org/jboss/com/sun/httpserver/httpserver/1.0.0.Beta3/httpserver-1.0.0.Beta3.jar:/home/miguel/.m2/repository/org/jboss/as/jboss-as-deployment-repository/7.1.0.CR1/jboss-as-deployment-repository-7.1.0.CR1.jar:/home/miguel/.m2/repository/org/jboss/as/jboss-as-embedded/7.1.0.CR1/jboss-as-embedded-7.1.0.CR1.jar:/home/miguel/.m2/repository/org/jboss/as/jboss-as-platform-mbean/7.1.0.CR1/jboss-as-platform-mbean-7.1.0.CR1.jar:/home/miguel/.m2/repository/org/jboss/as/jboss-as-process-controller/7.1.0.CR1/jboss-as-process-controller-7.1.0.CR1.jar:/usr/lib/jvm/java-1.6.0-openjdk-1.6.0.0.x86_64/jre/../lib/tools.jar:/home/miguel/.m2/repository/org/jboss/as/jboss-as-remoting/7.1.0.CR1/jboss-as-remoting-7.1.0.CR1.jar:/home/miguel/.m2/repository/org/jboss/as/jboss-as-network/7.1.0.CR1/jboss-as-network-7.1.0.CR1.jar:/home/miguel/.m2/repository/org/jboss/as/jboss-as-threads/7.1.0.CR1/jboss-as-threads-7.1.0.CR1.jar:/home/miguel/.m2/repository/org/jboss/xnio/xnio-api/3.0.0.CR5/xnio-api-3.0.0.CR5.jar:/home/miguel/.m2/repository/org/jboss/jandex/1.0.3.Final/jandex-1.0.3.Final.jar:/home/miguel/.m2/repository/org/jboss/invocation/jboss-invocation/1.1.1.Final/jboss-invocation-1.1.1.Final.jar:/home/miguel/.m2/repository/org/jboss/logging/jboss-logging/3.1.0.CR2/jboss-logging-3.1.0.CR2.jar:/home/miguel/.m2/repository/org/jboss/logmanager/jboss-logmanager/1.2.0.GA/jboss-logmanager-1.2.0.GA.jar:/home/miguel/.m2/repository/org/jboss/logmanager/jboss-logmanager-log4j/1.0.0.GA/jboss-logmanager-log4j-1.0.0.GA.jar:/home/miguel/.m2/repository/org/jboss/marshalling/jboss-marshalling/1.3.4.GA/jboss-marshalling-1.3.4.GA.jar:/home/miguel/.m2/repository/org/jboss/remoting3/jboss-remoting/3.2.0.CR6-darranl-1/jboss-remoting-3.2.0.CR6-darranl-1.jar:/home/miguel/.m2/repository/org/jboss/sasl/jboss-sasl/1.0.0.Beta9/jboss-sasl-1.0.0.Beta9.jar:/home/miguel/.m2/repository/org/jboss/stdio/jboss-stdio/1.0.1.GA/jboss-stdio-1.0.1.GA.jar:/home/miguel/.m2/repository/org/jboss/threads/jboss-threads/2.0.0.GA/jboss-threads-2.0.0.GA.jar:/home/miguel/.m2/repository/org/jboss/jboss-vfs/3.1.0.CR1/jboss-vfs-3.1.0.CR1.jar:/home/miguel/.m2/repository/org/jboss/as/jboss-as-subsystem-test/7.1.0.CR1/jboss-as-subsystem-test-7.1.0.CR1.jar:/home/miguel/.m2/repository/junit/junit/4.8.2/junit-4.8.2.jar:"/>
    <property name="jboss.home" value=""/>
    <property name="java.vm.specification.version" value="1.0"/>
    <property name="sun.arch.data.model" value="64"/>
    <property name="java.home" value="/usr/lib/jvm/java-1.6.0-openjdk-1.6.0.0.x86_64/jre"/>
    <property name="sun.java.command" value="/home/miguel/workspace/github.com/sipcontainer/target/surefire/surefirebooter569280881299738344.jar /home/miguel/workspace/github.com/sipcontainer/target/surefire/surefire6174233571431837315tmp /home/miguel/workspace/github.com/sipcontainer/target/surefire/surefire8270266198276521307tmp"/>
    <property name="java.specification.vendor" value="Sun Microsystems Inc."/>
    <property name="user.language" value="en"/>
    <property name="java.vm.info" value="mixed mode"/>
    <property name="java.version" value="1.6.0_24"/>
    <property name="java.ext.dirs" value="/usr/lib/jvm/java-1.6.0-openjdk-1.6.0.0.x86_64/jre/lib/ext:/usr/java/packages/lib/ext"/>
    <property name="sun.boot.class.path" value="/usr/lib/jvm/java-1.6.0-openjdk-1.6.0.0.x86_64/jre/lib/resources.jar:/usr/lib/jvm/java-1.6.0-openjdk-1.6.0.0.x86_64/jre/lib/rt.jar:/usr/lib/jvm/java-1.6.0-openjdk-1.6.0.0.x86_64/jre/lib/sunrsasign.jar:/usr/lib/jvm/java-1.6.0-openjdk-1.6.0.0.x86_64/jre/lib/jsse.jar:/usr/lib/jvm/java-1.6.0-openjdk-1.6.0.0.x86_64/jre/lib/jce.jar:/usr/lib/jvm/java-1.6.0-openjdk-1.6.0.0.x86_64/jre/lib/charsets.jar:/usr/lib/jvm/java-1.6.0-openjdk-1.6.0.0.x86_64/jre/lib/netx.jar:/usr/lib/jvm/java-1.6.0-openjdk-1.6.0.0.x86_64/jre/lib/plugin.jar:/usr/lib/jvm/java-1.6.0-openjdk-1.6.0.0.x86_64/jre/lib/rhino.jar:/usr/lib/jvm/java-1.6.0-openjdk-1.6.0.0.x86_64/jre/lib/modules/jdk.boot.jar:/usr/lib/jvm/java-1.6.0-openjdk-1.6.0.0.x86_64/jre/classes"/>
    <property name="java.vendor" value="Sun Microsystems Inc."/>
    <property name="localRepository" value="/home/miguel/.m2/repository"/>
    <property name="file.separator" value="/"/>
    <property name="java.vendor.url.bug" value="http://java.sun.com/cgi-bin/bugreport.cgi"/>
    <property name="sun.cpu.endian" value="little"/>
    <property name="sun.io.unicode.encoding" value="UnicodeLittle"/>
    <property name="sun.desktop" value="gnome"/>
    <property name="sun.cpu.isalist" value=""/>
  </properties>
  <testcase time="0.034" classname="com.ericsson.sipcontainer.extension.SubsystemParsingTestCase" name="testParseSubsystem"/>
  <testcase time="0.233" classname="com.ericsson.sipcontainer.extension.SubsystemParsingTestCase" name="testInstallIntoController">
    <failure message="Failed due to validation errors in the model. Please fix :-) VALIDATION ERRORS IN MODEL:Expected operation-name &apos;remove&apos; for operation &apos;remove&apos; @[
    (&quot;subsystem&quot; =&gt; &quot;sipcontainer&quot;),
    (&quot;type&quot; =&gt; &quot;*&quot;)
]
Expected operation-name &apos;add&apos; for operation &apos;add&apos; @[
    (&quot;subsystem&quot; =&gt; &quot;sipcontainer&quot;),
    (&quot;type&quot; =&gt; &quot;*&quot;)
]
" type="junit.framework.AssertionFailedError">junit.framework.AssertionFailedError: Failed due to validation errors in the model. Please fix :-) VALIDATION ERRORS IN MODEL:Expected operation-name &apos;remove&apos; for operation &apos;remove&apos; @[
    (&quot;subsystem&quot; =&gt; &quot;sipcontainer&quot;),
    (&quot;type&quot; =&gt; &quot;*&quot;)
]
Expected operation-name &apos;add&apos; for operation &apos;add&apos; @[
    (&quot;subsystem&quot; =&gt; &quot;sipcontainer&quot;),
    (&quot;type&quot; =&gt; &quot;*&quot;)
]

	at junit.framework.Assert.fail(Assert.java:47)
	at org.jboss.as.subsystem.test.AbstractSubsystemTest.validateDescriptionProviders(AbstractSubsystemTest.java:589)
	at org.jboss.as.subsystem.test.AbstractSubsystemTest.installInController(AbstractSubsystemTest.java:349)
	at org.jboss.as.subsystem.test.AbstractSubsystemTest.installInController(AbstractSubsystemTest.java:293)
	at org.jboss.as.subsystem.test.AbstractSubsystemTest.installInController(AbstractSubsystemTest.java:278)
	at com.ericsson.sipcontainer.extension.SubsystemParsingTestCase.testInstallIntoController(SubsystemParsingTestCase.java:65)
	at sun.reflect.NativeMethodAccessorImpl.invoke0(Native Method)
	at sun.reflect.NativeMethodAccessorImpl.invoke(NativeMethodAccessorImpl.java:57)
	at sun.reflect.DelegatingMethodAccessorImpl.invoke(DelegatingMethodAccessorImpl.java:43)
	at java.lang.reflect.Method.invoke(Method.java:616)
	at org.junit.runners.model.FrameworkMethod$1.runReflectiveCall(FrameworkMethod.java:44)
	at org.junit.internal.runners.model.ReflectiveCallable.run(ReflectiveCallable.java:15)
	at org.junit.runners.model.FrameworkMethod.invokeExplosively(FrameworkMethod.java:41)
	at org.junit.internal.runners.statements.InvokeMethod.evaluate(InvokeMethod.java:20)
	at org.junit.internal.runners.statements.RunBefores.evaluate(RunBefores.java:28)
	at org.junit.internal.runners.statements.RunAfters.evaluate(RunAfters.java:31)
	at org.junit.runners.BlockJUnit4ClassRunner.runNotIgnored(BlockJUnit4ClassRunner.java:79)
	at org.junit.runners.BlockJUnit4ClassRunner.runChild(BlockJUnit4ClassRunner.java:71)
	at org.junit.runners.BlockJUnit4ClassRunner.runChild(BlockJUnit4ClassRunner.java:49)
	at org.junit.runners.ParentRunner$3.run(ParentRunner.java:193)
	at org.junit.runners.ParentRunner$1.schedule(ParentRunner.java:52)
	at org.junit.runners.ParentRunner.runChildren(ParentRunner.java:191)
	at org.junit.runners.ParentRunner.access$000(ParentRunner.java:42)
	at org.junit.runners.ParentRunner$2.evaluate(ParentRunner.java:184)
	at org.junit.runners.ParentRunner.run(ParentRunner.java:236)
	at org.apache.maven.surefire.junit4.JUnit4TestSet.execute(JUnit4TestSet.java:53)
	at org.apache.maven.surefire.junit4.JUnit4Provider.executeTestSet(JUnit4Provider.java:119)
	at org.apache.maven.surefire.junit4.JUnit4Provider.invoke(JUnit4Provider.java:101)
	at sun.reflect.NativeMethodAccessorImpl.invoke0(Native Method)
	at sun.reflect.NativeMethodAccessorImpl.invoke(NativeMethodAccessorImpl.java:57)
	at sun.reflect.DelegatingMethodAccessorImpl.invoke(DelegatingMethodAccessorImpl.java:43)
	at java.lang.reflect.Method.invoke(Method.java:616)
	at org.apache.maven.surefire.booter.ProviderFactory$ClassLoaderProxy.invoke(ProviderFactory.java:103)
	at $Proxy0.invoke(Unknown Source)
	at org.apache.maven.surefire.booter.SurefireStarter.invokeProvider(SurefireStarter.java:150)
	at org.apache.maven.surefire.booter.SurefireStarter.runSuitesInProcess(SurefireStarter.java:91)
	at org.apache.maven.surefire.booter.ForkedBooter.main(ForkedBooter.java:69)
</failure>
  </testcase>
  <testcase time="0.012" classname="com.ericsson.sipcontainer.extension.SubsystemParsingTestCase" name="testParseAndMarshalModel">
    <failure message="Failed due to validation errors in the model. Please fix :-) VALIDATION ERRORS IN MODEL:Expected operation-name &apos;remove&apos; for operation &apos;remove&apos; @[
    (&quot;subsystem&quot; =&gt; &quot;sipcontainer&quot;),
    (&quot;type&quot; =&gt; &quot;*&quot;)
]
Expected operation-name &apos;add&apos; for operation &apos;add&apos; @[
    (&quot;subsystem&quot; =&gt; &quot;sipcontainer&quot;),
    (&quot;type&quot; =&gt; &quot;*&quot;)
]
" type="junit.framework.AssertionFailedError">junit.framework.AssertionFailedError: Failed due to validation errors in the model. Please fix :-) VALIDATION ERRORS IN MODEL:Expected operation-name &apos;remove&apos; for operation &apos;remove&apos; @[
    (&quot;subsystem&quot; =&gt; &quot;sipcontainer&quot;),
    (&quot;type&quot; =&gt; &quot;*&quot;)
]
Expected operation-name &apos;add&apos; for operation &apos;add&apos; @[
    (&quot;subsystem&quot; =&gt; &quot;sipcontainer&quot;),
    (&quot;type&quot; =&gt; &quot;*&quot;)
]

	at junit.framework.Assert.fail(Assert.java:47)
	at org.jboss.as.subsystem.test.AbstractSubsystemTest.validateDescriptionProviders(AbstractSubsystemTest.java:589)
	at org.jboss.as.subsystem.test.AbstractSubsystemTest.installInController(AbstractSubsystemTest.java:349)
	at org.jboss.as.subsystem.test.AbstractSubsystemTest.installInController(AbstractSubsystemTest.java:293)
	at org.jboss.as.subsystem.test.AbstractSubsystemTest.installInController(AbstractSubsystemTest.java:278)
	at com.ericsson.sipcontainer.extension.SubsystemParsingTestCase.testParseAndMarshalModel(SubsystemParsingTestCase.java:82)
	at sun.reflect.NativeMethodAccessorImpl.invoke0(Native Method)
	at sun.reflect.NativeMethodAccessorImpl.invoke(NativeMethodAccessorImpl.java:57)
	at sun.reflect.DelegatingMethodAccessorImpl.invoke(DelegatingMethodAccessorImpl.java:43)
	at java.lang.reflect.Method.invoke(Method.java:616)
	at org.junit.runners.model.FrameworkMethod$1.runReflectiveCall(FrameworkMethod.java:44)
	at org.junit.internal.runners.model.ReflectiveCallable.run(ReflectiveCallable.java:15)
	at org.junit.runners.model.FrameworkMethod.invokeExplosively(FrameworkMethod.java:41)
	at org.junit.internal.runners.statements.InvokeMethod.evaluate(InvokeMethod.java:20)
	at org.junit.internal.runners.statements.RunBefores.evaluate(RunBefores.java:28)
	at org.junit.internal.runners.statements.RunAfters.evaluate(RunAfters.java:31)
	at org.junit.runners.BlockJUnit4ClassRunner.runNotIgnored(BlockJUnit4ClassRunner.java:79)
	at org.junit.runners.BlockJUnit4ClassRunner.runChild(BlockJUnit4ClassRunner.java:71)
	at org.junit.runners.BlockJUnit4ClassRunner.runChild(BlockJUnit4ClassRunner.java:49)
	at org.junit.runners.ParentRunner$3.run(ParentRunner.java:193)
	at org.junit.runners.ParentRunner$1.schedule(ParentRunner.java:52)
	at org.junit.runners.ParentRunner.runChildren(ParentRunner.java:191)
	at org.junit.runners.ParentRunner.access$000(ParentRunner.java:42)
	at org.junit.runners.ParentRunner$2.evaluate(ParentRunner.java:184)
	at org.junit.runners.ParentRunner.run(ParentRunner.java:236)
	at org.apache.maven.surefire.junit4.JUnit4TestSet.execute(JUnit4TestSet.java:53)
	at org.apache.maven.surefire.junit4.JUnit4Provider.executeTestSet(JUnit4Provider.java:119)
	at org.apache.maven.surefire.junit4.JUnit4Provider.invoke(JUnit4Provider.java:101)
	at sun.reflect.NativeMethodAccessorImpl.invoke0(Native Method)
	at sun.reflect.NativeMethodAccessorImpl.invoke(NativeMethodAccessorImpl.java:57)
	at sun.reflect.DelegatingMethodAccessorImpl.invoke(DelegatingMethodAccessorImpl.java:43)
	at java.lang.reflect.Method.invoke(Method.java:616)
	at org.apache.maven.surefire.booter.ProviderFactory$ClassLoaderProxy.invoke(ProviderFactory.java:103)
	at $Proxy0.invoke(Unknown Source)
	at org.apache.maven.surefire.booter.SurefireStarter.invokeProvider(SurefireStarter.java:150)
	at org.apache.maven.surefire.booter.SurefireStarter.runSuitesInProcess(SurefireStarter.java:91)
	at org.apache.maven.surefire.booter.ForkedBooter.main(ForkedBooter.java:69)
</failure>
  </testcase>
  <testcase time="0.016" classname="com.ericsson.sipcontainer.extension.SubsystemParsingTestCase" name="testDescribeHandler">
    <failure message="Failed due to validation errors in the model. Please fix :-) VALIDATION ERRORS IN MODEL:Expected operation-name &apos;remove&apos; for operation &apos;remove&apos; @[
    (&quot;subsystem&quot; =&gt; &quot;sipcontainer&quot;),
    (&quot;type&quot; =&gt; &quot;*&quot;)
]
Expected operation-name &apos;add&apos; for operation &apos;add&apos; @[
    (&quot;subsystem&quot; =&gt; &quot;sipcontainer&quot;),
    (&quot;type&quot; =&gt; &quot;*&quot;)
]
" type="junit.framework.AssertionFailedError">junit.framework.AssertionFailedError: Failed due to validation errors in the model. Please fix :-) VALIDATION ERRORS IN MODEL:Expected operation-name &apos;remove&apos; for operation &apos;remove&apos; @[
    (&quot;subsystem&quot; =&gt; &quot;sipcontainer&quot;),
    (&quot;type&quot; =&gt; &quot;*&quot;)
]
Expected operation-name &apos;add&apos; for operation &apos;add&apos; @[
    (&quot;subsystem&quot; =&gt; &quot;sipcontainer&quot;),
    (&quot;type&quot; =&gt; &quot;*&quot;)
]

	at junit.framework.Assert.fail(Assert.java:47)
	at org.jboss.as.subsystem.test.AbstractSubsystemTest.validateDescriptionProviders(AbstractSubsystemTest.java:589)
	at org.jboss.as.subsystem.test.AbstractSubsystemTest.installInController(AbstractSubsystemTest.java:349)
	at org.jboss.as.subsystem.test.AbstractSubsystemTest.installInController(AbstractSubsystemTest.java:293)
	at org.jboss.as.subsystem.test.AbstractSubsystemTest.installInController(AbstractSubsystemTest.java:278)
	at com.ericsson.sipcontainer.extension.SubsystemParsingTestCase.testDescribeHandler(SubsystemParsingTestCase.java:105)
	at sun.reflect.NativeMethodAccessorImpl.invoke0(Native Method)
	at sun.reflect.NativeMethodAccessorImpl.invoke(NativeMethodAccessorImpl.java:57)
	at sun.reflect.DelegatingMethodAccessorImpl.invoke(DelegatingMethodAccessorImpl.java:43)
	at java.lang.reflect.Method.invoke(Method.java:616)
	at org.junit.runners.model.FrameworkMethod$1.runReflectiveCall(FrameworkMethod.java:44)
	at org.junit.internal.runners.model.ReflectiveCallable.run(ReflectiveCallable.java:15)
	at org.junit.runners.model.FrameworkMethod.invokeExplosively(FrameworkMethod.java:41)
	at org.junit.internal.runners.statements.InvokeMethod.evaluate(InvokeMethod.java:20)
	at org.junit.internal.runners.statements.RunBefores.evaluate(RunBefores.java:28)
	at org.junit.internal.runners.statements.RunAfters.evaluate(RunAfters.java:31)
	at org.junit.runners.BlockJUnit4ClassRunner.runNotIgnored(BlockJUnit4ClassRunner.java:79)
	at org.junit.runners.BlockJUnit4ClassRunner.runChild(BlockJUnit4ClassRunner.java:71)
	at org.junit.runners.BlockJUnit4ClassRunner.runChild(BlockJUnit4ClassRunner.java:49)
	at org.junit.runners.ParentRunner$3.run(ParentRunner.java:193)
	at org.junit.runners.ParentRunner$1.schedule(ParentRunner.java:52)
	at org.junit.runners.ParentRunner.runChildren(ParentRunner.java:191)
	at org.junit.runners.ParentRunner.access$000(ParentRunner.java:42)
	at org.junit.runners.ParentRunner$2.evaluate(ParentRunner.java:184)
	at org.junit.runners.ParentRunner.run(ParentRunner.java:236)
	at org.apache.maven.surefire.junit4.JUnit4TestSet.execute(JUnit4TestSet.java:53)
	at org.apache.maven.surefire.junit4.JUnit4Provider.executeTestSet(JUnit4Provider.java:119)
	at org.apache.maven.surefire.junit4.JUnit4Provider.invoke(JUnit4Provider.java:101)
	at sun.reflect.NativeMethodAccessorImpl.invoke0(Native Method)
	at sun.reflect.NativeMethodAccessorImpl.invoke(NativeMethodAccessorImpl.java:57)
	at sun.reflect.DelegatingMethodAccessorImpl.invoke(DelegatingMethodAccessorImpl.java:43)
	at java.lang.reflect.Method.invoke(Method.java:616)
	at org.apache.maven.surefire.booter.ProviderFactory$ClassLoaderProxy.invoke(ProviderFactory.java:103)
	at $Proxy0.invoke(Unknown Source)
	at org.apache.maven.surefire.booter.SurefireStarter.invokeProvider(SurefireStarter.java:150)
	at org.apache.maven.surefire.booter.SurefireStarter.runSuitesInProcess(SurefireStarter.java:91)
	at org.apache.maven.surefire.booter.ForkedBooter.main(ForkedBooter.java:69)
</failure>
  </testcase>
  <testcase time="0.009" classname="com.ericsson.sipcontainer.extension.SubsystemParsingTestCase" name="testSubsystemRemoval">
    <failure message="Failed due to validation errors in the model. Please fix :-) VALIDATION ERRORS IN MODEL:Expected operation-name &apos;remove&apos; for operation &apos;remove&apos; @[
    (&quot;subsystem&quot; =&gt; &quot;sipcontainer&quot;),
    (&quot;type&quot; =&gt; &quot;*&quot;)
]
Expected operation-name &apos;add&apos; for operation &apos;add&apos; @[
    (&quot;subsystem&quot; =&gt; &quot;sipcontainer&quot;),
    (&quot;type&quot; =&gt; &quot;*&quot;)
]
" type="junit.framework.AssertionFailedError">junit.framework.AssertionFailedError: Failed due to validation errors in the model. Please fix :-) VALIDATION ERRORS IN MODEL:Expected operation-name &apos;remove&apos; for operation &apos;remove&apos; @[
    (&quot;subsystem&quot; =&gt; &quot;sipcontainer&quot;),
    (&quot;type&quot; =&gt; &quot;*&quot;)
]
Expected operation-name &apos;add&apos; for operation &apos;add&apos; @[
    (&quot;subsystem&quot; =&gt; &quot;sipcontainer&quot;),
    (&quot;type&quot; =&gt; &quot;*&quot;)
]

	at junit.framework.Assert.fail(Assert.java:47)
	at org.jboss.as.subsystem.test.AbstractSubsystemTest.validateDescriptionProviders(AbstractSubsystemTest.java:589)
	at org.jboss.as.subsystem.test.AbstractSubsystemTest.installInController(AbstractSubsystemTest.java:349)
	at org.jboss.as.subsystem.test.AbstractSubsystemTest.installInController(AbstractSubsystemTest.java:293)
	at org.jboss.as.subsystem.test.AbstractSubsystemTest.installInController(AbstractSubsystemTest.java:278)
	at com.ericsson.sipcontainer.extension.SubsystemParsingTestCase.testSubsystemRemoval(SubsystemParsingTestCase.java:133)
	at sun.reflect.NativeMethodAccessorImpl.invoke0(Native Method)
	at sun.reflect.NativeMethodAccessorImpl.invoke(NativeMethodAccessorImpl.java:57)
	at sun.reflect.DelegatingMethodAccessorImpl.invoke(DelegatingMethodAccessorImpl.java:43)
	at java.lang.reflect.Method.invoke(Method.java:616)
	at org.junit.runners.model.FrameworkMethod$1.runReflectiveCall(FrameworkMethod.java:44)
	at org.junit.internal.runners.model.ReflectiveCallable.run(ReflectiveCallable.java:15)
	at org.junit.runners.model.FrameworkMethod.invokeExplosively(FrameworkMethod.java:41)
	at org.junit.internal.runners.statements.InvokeMethod.evaluate(InvokeMethod.java:20)
	at org.junit.internal.runners.statements.RunBefores.evaluate(RunBefores.java:28)
	at org.junit.internal.runners.statements.RunAfters.evaluate(RunAfters.java:31)
	at org.junit.runners.BlockJUnit4ClassRunner.runNotIgnored(BlockJUnit4ClassRunner.java:79)
	at org.junit.runners.BlockJUnit4ClassRunner.runChild(BlockJUnit4ClassRunner.java:71)
	at org.junit.runners.BlockJUnit4ClassRunner.runChild(BlockJUnit4ClassRunner.java:49)
	at org.junit.runners.ParentRunner$3.run(ParentRunner.java:193)
	at org.junit.runners.ParentRunner$1.schedule(ParentRunner.java:52)
	at org.junit.runners.ParentRunner.runChildren(ParentRunner.java:191)
	at org.junit.runners.ParentRunner.access$000(ParentRunner.java:42)
	at org.junit.runners.ParentRunner$2.evaluate(ParentRunner.java:184)
	at org.junit.runners.ParentRunner.run(ParentRunner.java:236)
	at org.apache.maven.surefire.junit4.JUnit4TestSet.execute(JUnit4TestSet.java:53)
	at org.apache.maven.surefire.junit4.JUnit4Provider.executeTestSet(JUnit4Provider.java:119)
	at org.apache.maven.surefire.junit4.JUnit4Provider.invoke(JUnit4Provider.java:101)
	at sun.reflect.NativeMethodAccessorImpl.invoke0(Native Method)
	at sun.reflect.NativeMethodAccessorImpl.invoke(NativeMethodAccessorImpl.java:57)
	at sun.reflect.DelegatingMethodAccessorImpl.invoke(DelegatingMethodAccessorImpl.java:43)
	at java.lang.reflect.Method.invoke(Method.java:616)
	at org.apache.maven.surefire.booter.ProviderFactory$ClassLoaderProxy.invoke(ProviderFactory.java:103)
	at $Proxy0.invoke(Unknown Source)
	at org.apache.maven.surefire.booter.SurefireStarter.invokeProvider(SurefireStarter.java:150)
	at org.apache.maven.surefire.booter.SurefireStarter.runSuitesInProcess(SurefireStarter.java:91)
	at org.apache.maven.surefire.booter.ForkedBooter.main(ForkedBooter.java:69)
</failure>
  </testcase>
</testsuite>