<?xml version="1.0" encoding="UTF-8" ?>
<testsuite failures="4" time="0.349" errors="0" skipped="0" tests="5" name="com.ericsson.sipcontainer.extension.SubsystemParsingTestCase">
  <properties>
[...]
</properties>
  <testcase time="0.034" classname="com.ericsson.sipcontainer.extension.SubsystemParsingTestCase" name="testParseSubsystem"/>
  <testcase time="0.233" classname="com.ericsson.sipcontainer.extension.SubsystemParsingTestCase" name="testInstallIntoController">
    <failure message="Failed due to validation errors in the model. Please fix :-) VALIDATION ERRORS IN MODEL:Expected operation-name &apos;remove&apos; for operation &apos;remove&apos; @[
    (&quot;subsystem&quot; =&gt; &quot;sipcontainer&quot;),
    (&quot;type&quot; =&gt; &quot;*&quot;)
]
Expected operation-name &apos;add&apos; for operation &apos;add&apos; @[
    (&quot;subsystem&quot; =&gt; &quot;sipcontainer&quot;),
    (&quot;type&quot; =&gt; &quot;*&quot;)
]
" type="junit.framework.AssertionFailedError">junit.framework.AssertionFailedError: Failed due to validation errors in the model. Please fix :-) VALIDATION ERRORS IN MODEL:Expected operation-name &apos;remove&apos; for operation &apos;remove&apos; @[
    (&quot;subsystem&quot; =&gt; &quot;sipcontainer&quot;),
    (&quot;type&quot; =&gt; &quot;*&quot;)
]
Expected operation-name &apos;add&apos; for operation &apos;add&apos; @[
    (&quot;subsystem&quot; =&gt; &quot;sipcontainer&quot;),
    (&quot;type&quot; =&gt; &quot;*&quot;)
]

	at junit.framework.Assert.fail(Assert.java:47)
	at org.jboss.as.subsystem.test.AbstractSubsystemTest.validateDescriptionProviders(AbstractSubsystemTest.java:589)
	at org.jboss.as.subsystem.test.AbstractSubsystemTest.installInController(AbstractSubsystemTest.java:349)
	at org.jboss.as.subsystem.test.AbstractSubsystemTest.installInController(AbstractSubsystemTest.java:293)
	at org.jboss.as.subsystem.test.AbstractSubsystemTest.installInController(AbstractSubsystemTest.java:278)
	at com.ericsson.sipcontainer.extension.SubsystemParsingTestCase.testInstallIntoController(SubsystemParsingTestCase.java:65)
	at sun.reflect.NativeMethodAccessorImpl.invoke0(Native Method)
	at sun.reflect.NativeMethodAccessorImpl.invoke(NativeMethodAccessorImpl.java:57)
	at sun.reflect.DelegatingMethodAccessorImpl.invoke(DelegatingMethodAccessorImpl.java:43)
	at java.lang.reflect.Method.invoke(Method.java:616)
	at org.junit.runners.model.FrameworkMethod$1.runReflectiveCall(FrameworkMethod.java:44)
	at org.junit.internal.runners.model.ReflectiveCallable.run(ReflectiveCallable.java:15)
	at org.junit.runners.model.FrameworkMethod.invokeExplosively(FrameworkMethod.java:41)
	at org.junit.internal.runners.statements.InvokeMethod.evaluate(InvokeMethod.java:20)
	at org.junit.internal.runners.statements.RunBefores.evaluate(RunBefores.java:28)
	at org.junit.internal.runners.statements.RunAfters.evaluate(RunAfters.java:31)
	at org.junit.runners.BlockJUnit4ClassRunner.runNotIgnored(BlockJUnit4ClassRunner.java:79)
	at org.junit.runners.BlockJUnit4ClassRunner.runChild(BlockJUnit4ClassRunner.java:71)
	at org.junit.runners.BlockJUnit4ClassRunner.runChild(BlockJUnit4ClassRunner.java:49)
	at org.junit.runners.ParentRunner$3.run(ParentRunner.java:193)
	at org.junit.runners.ParentRunner$1.schedule(ParentRunner.java:52)
	at org.junit.runners.ParentRunner.runChildren(ParentRunner.java:191)
	at org.junit.runners.ParentRunner.access$000(ParentRunner.java:42)
	at org.junit.runners.ParentRunner$2.evaluate(ParentRunner.java:184)
	at org.junit.runners.ParentRunner.run(ParentRunner.java:236)
	at org.apache.maven.surefire.junit4.JUnit4TestSet.execute(JUnit4TestSet.java:53)
	at org.apache.maven.surefire.junit4.JUnit4Provider.executeTestSet(JUnit4Provider.java:119)
	at org.apache.maven.surefire.junit4.JUnit4Provider.invoke(JUnit4Provider.java:101)
	at sun.reflect.NativeMethodAccessorImpl.invoke0(Native Method)
	at sun.reflect.NativeMethodAccessorImpl.invoke(NativeMethodAccessorImpl.java:57)
	at sun.reflect.DelegatingMethodAccessorImpl.invoke(DelegatingMethodAccessorImpl.java:43)
	at java.lang.reflect.Method.invoke(Method.java:616)
	at org.apache.maven.surefire.booter.ProviderFactory$ClassLoaderProxy.invoke(ProviderFactory.java:103)
	at $Proxy0.invoke(Unknown Source)
	at org.apache.maven.surefire.booter.SurefireStarter.invokeProvider(SurefireStarter.java:150)
	at org.apache.maven.surefire.booter.SurefireStarter.runSuitesInProcess(SurefireStarter.java:91)
	at org.apache.maven.surefire.booter.ForkedBooter.main(ForkedBooter.java:69)
</failure>
  </testcase>
  <testcase time="0.012" classname="com.ericsson.sipcontainer.extension.SubsystemParsingTestCase" name="testParseAndMarshalModel">
    <failure message="Failed due to validation errors in the model. Please fix :-) VALIDATION ERRORS IN MODEL:Expected operation-name &apos;remove&apos; for operation &apos;remove&apos; @[
    (&quot;subsystem&quot; =&gt; &quot;sipcontainer&quot;),
    (&quot;type&quot; =&gt; &quot;*&quot;)
]
Expected operation-name &apos;add&apos; for operation &apos;add&apos; @[
    (&quot;subsystem&quot; =&gt; &quot;sipcontainer&quot;),
    (&quot;type&quot; =&gt; &quot;*&quot;)
]
" type="junit.framework.AssertionFailedError">junit.framework.AssertionFailedError: Failed due to validation errors in the model. Please fix :-) VALIDATION ERRORS IN MODEL:Expected operation-name &apos;remove&apos; for operation &apos;remove&apos; @[
    (&quot;subsystem&quot; =&gt; &quot;sipcontainer&quot;),
    (&quot;type&quot; =&gt; &quot;*&quot;)
]
Expected operation-name &apos;add&apos; for operation &apos;add&apos; @[
    (&quot;subsystem&quot; =&gt; &quot;sipcontainer&quot;),
    (&quot;type&quot; =&gt; &quot;*&quot;)
]

	at junit.framework.Assert.fail(Assert.java:47)
	at org.jboss.as.subsystem.test.AbstractSubsystemTest.validateDescriptionProviders(AbstractSubsystemTest.java:589)
	at org.jboss.as.subsystem.test.AbstractSubsystemTest.installInController(AbstractSubsystemTest.java:349)
	at org.jboss.as.subsystem.test.AbstractSubsystemTest.installInController(AbstractSubsystemTest.java:293)
	at org.jboss.as.subsystem.test.AbstractSubsystemTest.installInController(AbstractSubsystemTest.java:278)
	at com.ericsson.sipcontainer.extension.SubsystemParsingTestCase.testParseAndMarshalModel(SubsystemParsingTestCase.java:82)
	at sun.reflect.NativeMethodAccessorImpl.invoke0(Native Method)
	at sun.reflect.NativeMethodAccessorImpl.invoke(NativeMethodAccessorImpl.java:57)
	at sun.reflect.DelegatingMethodAccessorImpl.invoke(DelegatingMethodAccessorImpl.java:43)
	at java.lang.reflect.Method.invoke(Method.java:616)
	at org.junit.runners.model.FrameworkMethod$1.runReflectiveCall(FrameworkMethod.java:44)
	at org.junit.internal.runners.model.ReflectiveCallable.run(ReflectiveCallable.java:15)
	at org.junit.runners.model.FrameworkMethod.invokeExplosively(FrameworkMethod.java:41)
	at org.junit.internal.runners.statements.InvokeMethod.evaluate(InvokeMethod.java:20)
	at org.junit.internal.runners.statements.RunBefores.evaluate(RunBefores.java:28)
	at org.junit.internal.runners.statements.RunAfters.evaluate(RunAfters.java:31)
	at org.junit.runners.BlockJUnit4ClassRunner.runNotIgnored(BlockJUnit4ClassRunner.java:79)
	at org.junit.runners.BlockJUnit4ClassRunner.runChild(BlockJUnit4ClassRunner.java:71)
	at org.junit.runners.BlockJUnit4ClassRunner.runChild(BlockJUnit4ClassRunner.java:49)
	at org.junit.runners.ParentRunner$3.run(ParentRunner.java:193)
	at org.junit.runners.ParentRunner$1.schedule(ParentRunner.java:52)
	at org.junit.runners.ParentRunner.runChildren(ParentRunner.java:191)
	at org.junit.runners.ParentRunner.access$000(ParentRunner.java:42)
	at org.junit.runners.ParentRunner$2.evaluate(ParentRunner.java:184)
	at org.junit.runners.ParentRunner.run(ParentRunner.java:236)
	at org.apache.maven.surefire.junit4.JUnit4TestSet.execute(JUnit4TestSet.java:53)
	at org.apache.maven.surefire.junit4.JUnit4Provider.executeTestSet(JUnit4Provider.java:119)
	at org.apache.maven.surefire.junit4.JUnit4Provider.invoke(JUnit4Provider.java:101)
	at sun.reflect.NativeMethodAccessorImpl.invoke0(Native Method)
	at sun.reflect.NativeMethodAccessorImpl.invoke(NativeMethodAccessorImpl.java:57)
	at sun.reflect.DelegatingMethodAccessorImpl.invoke(DelegatingMethodAccessorImpl.java:43)
	at java.lang.reflect.Method.invoke(Method.java:616)
	at org.apache.maven.surefire.booter.ProviderFactory$ClassLoaderProxy.invoke(ProviderFactory.java:103)
	at $Proxy0.invoke(Unknown Source)
	at org.apache.maven.surefire.booter.SurefireStarter.invokeProvider(SurefireStarter.java:150)
	at org.apache.maven.surefire.booter.SurefireStarter.runSuitesInProcess(SurefireStarter.java:91)
	at org.apache.maven.surefire.booter.ForkedBooter.main(ForkedBooter.java:69)
</failure>
  </testcase>
  <testcase time="0.016" classname="com.ericsson.sipcontainer.extension.SubsystemParsingTestCase" name="testDescribeHandler">
    <failure message="Failed due to validation errors in the model. Please fix :-) VALIDATION ERRORS IN MODEL:Expected operation-name &apos;remove&apos; for operation &apos;remove&apos; @[
    (&quot;subsystem&quot; =&gt; &quot;sipcontainer&quot;),
    (&quot;type&quot; =&gt; &quot;*&quot;)
]
Expected operation-name &apos;add&apos; for operation &apos;add&apos; @[
    (&quot;subsystem&quot; =&gt; &quot;sipcontainer&quot;),
    (&quot;type&quot; =&gt; &quot;*&quot;)
]
" type="junit.framework.AssertionFailedError">junit.framework.AssertionFailedError: Failed due to validation errors in the model. Please fix :-) VALIDATION ERRORS IN MODEL:Expected operation-name &apos;remove&apos; for operation &apos;remove&apos; @[
    (&quot;subsystem&quot; =&gt; &quot;sipcontainer&quot;),
    (&quot;type&quot; =&gt; &quot;*&quot;)
]
Expected operation-name &apos;add&apos; for operation &apos;add&apos; @[
    (&quot;subsystem&quot; =&gt; &quot;sipcontainer&quot;),
    (&quot;type&quot; =&gt; &quot;*&quot;)
]

	at junit.framework.Assert.fail(Assert.java:47)
	at org.jboss.as.subsystem.test.AbstractSubsystemTest.validateDescriptionProviders(AbstractSubsystemTest.java:589)
	at org.jboss.as.subsystem.test.AbstractSubsystemTest.installInController(AbstractSubsystemTest.java:349)
	at org.jboss.as.subsystem.test.AbstractSubsystemTest.installInController(AbstractSubsystemTest.java:293)
	at org.jboss.as.subsystem.test.AbstractSubsystemTest.installInController(AbstractSubsystemTest.java:278)
	at com.ericsson.sipcontainer.extension.SubsystemParsingTestCase.testDescribeHandler(SubsystemParsingTestCase.java:105)
	at sun.reflect.NativeMethodAccessorImpl.invoke0(Native Method)
	at sun.reflect.NativeMethodAccessorImpl.invoke(NativeMethodAccessorImpl.java:57)
	at sun.reflect.DelegatingMethodAccessorImpl.invoke(DelegatingMethodAccessorImpl.java:43)
	at java.lang.reflect.Method.invoke(Method.java:616)
	at org.junit.runners.model.FrameworkMethod$1.runReflectiveCall(FrameworkMethod.java:44)
	at org.junit.internal.runners.model.ReflectiveCallable.run(ReflectiveCallable.java:15)
	at org.junit.runners.model.FrameworkMethod.invokeExplosively(FrameworkMethod.java:41)
	at org.junit.internal.runners.statements.InvokeMethod.evaluate(InvokeMethod.java:20)
	at org.junit.internal.runners.statements.RunBefores.evaluate(RunBefores.java:28)
	at org.junit.internal.runners.statements.RunAfters.evaluate(RunAfters.java:31)
	at org.junit.runners.BlockJUnit4ClassRunner.runNotIgnored(BlockJUnit4ClassRunner.java:79)
	at org.junit.runners.BlockJUnit4ClassRunner.runChild(BlockJUnit4ClassRunner.java:71)
	at org.junit.runners.BlockJUnit4ClassRunner.runChild(BlockJUnit4ClassRunner.java:49)
	at org.junit.runners.ParentRunner$3.run(ParentRunner.java:193)
	at org.junit.runners.ParentRunner$1.schedule(ParentRunner.java:52)
	at org.junit.runners.ParentRunner.runChildren(ParentRunner.java:191)
	at org.junit.runners.ParentRunner.access$000(ParentRunner.java:42)
	at org.junit.runners.ParentRunner$2.evaluate(ParentRunner.java:184)
	at org.junit.runners.ParentRunner.run(ParentRunner.java:236)
	at org.apache.maven.surefire.junit4.JUnit4TestSet.execute(JUnit4TestSet.java:53)
	at org.apache.maven.surefire.junit4.JUnit4Provider.executeTestSet(JUnit4Provider.java:119)
	at org.apache.maven.surefire.junit4.JUnit4Provider.invoke(JUnit4Provider.java:101)
	at sun.reflect.NativeMethodAccessorImpl.invoke0(Native Method)
	at sun.reflect.NativeMethodAccessorImpl.invoke(NativeMethodAccessorImpl.java:57)
	at sun.reflect.DelegatingMethodAccessorImpl.invoke(DelegatingMethodAccessorImpl.java:43)
	at java.lang.reflect.Method.invoke(Method.java:616)
	at org.apache.maven.surefire.booter.ProviderFactory$ClassLoaderProxy.invoke(ProviderFactory.java:103)
	at $Proxy0.invoke(Unknown Source)
	at org.apache.maven.surefire.booter.SurefireStarter.invokeProvider(SurefireStarter.java:150)
	at org.apache.maven.surefire.booter.SurefireStarter.runSuitesInProcess(SurefireStarter.java:91)
	at org.apache.maven.surefire.booter.ForkedBooter.main(ForkedBooter.java:69)
</failure>
  </testcase>
  <testcase time="0.009" classname="com.ericsson.sipcontainer.extension.SubsystemParsingTestCase" name="testSubsystemRemoval">
    <failure message="Failed due to validation errors in the model. Please fix :-) VALIDATION ERRORS IN MODEL:Expected operation-name &apos;remove&apos; for operation &apos;remove&apos; @[
    (&quot;subsystem&quot; =&gt; &quot;sipcontainer&quot;),
    (&quot;type&quot; =&gt; &quot;*&quot;)
]
Expected operation-name &apos;add&apos; for operation &apos;add&apos; @[
    (&quot;subsystem&quot; =&gt; &quot;sipcontainer&quot;),
    (&quot;type&quot; =&gt; &quot;*&quot;)
]
" type="junit.framework.AssertionFailedError">junit.framework.AssertionFailedError: Failed due to validation errors in the model. Please fix :-) VALIDATION ERRORS IN MODEL:Expected operation-name &apos;remove&apos; for operation &apos;remove&apos; @[
    (&quot;subsystem&quot; =&gt; &quot;sipcontainer&quot;),
    (&quot;type&quot; =&gt; &quot;*&quot;)
]
Expected operation-name &apos;add&apos; for operation &apos;add&apos; @[
    (&quot;subsystem&quot; =&gt; &quot;sipcontainer&quot;),
    (&quot;type&quot; =&gt; &quot;*&quot;)
]

	at junit.framework.Assert.fail(Assert.java:47)
	at org.jboss.as.subsystem.test.AbstractSubsystemTest.validateDescriptionProviders(AbstractSubsystemTest.java:589)
	at org.jboss.as.subsystem.test.AbstractSubsystemTest.installInController(AbstractSubsystemTest.java:349)
	at org.jboss.as.subsystem.test.AbstractSubsystemTest.installInController(AbstractSubsystemTest.java:293)
	at org.jboss.as.subsystem.test.AbstractSubsystemTest.installInController(AbstractSubsystemTest.java:278)
	at com.ericsson.sipcontainer.extension.SubsystemParsingTestCase.testSubsystemRemoval(SubsystemParsingTestCase.java:133)
	at sun.reflect.NativeMethodAccessorImpl.invoke0(Native Method)
	at sun.reflect.NativeMethodAccessorImpl.invoke(NativeMethodAccessorImpl.java:57)
	at sun.reflect.DelegatingMethodAccessorImpl.invoke(DelegatingMethodAccessorImpl.java:43)
	at java.lang.reflect.Method.invoke(Method.java:616)
	at org.junit.runners.model.FrameworkMethod$1.runReflectiveCall(FrameworkMethod.java:44)
	at org.junit.internal.runners.model.ReflectiveCallable.run(ReflectiveCallable.java:15)
	at org.junit.runners.model.FrameworkMethod.invokeExplosively(FrameworkMethod.java:41)
	at org.junit.internal.runners.statements.InvokeMethod.evaluate(InvokeMethod.java:20)
	at org.junit.internal.runners.statements.RunBefores.evaluate(RunBefores.java:28)
	at org.junit.internal.runners.statements.RunAfters.evaluate(RunAfters.java:31)
	at org.junit.runners.BlockJUnit4ClassRunner.runNotIgnored(BlockJUnit4ClassRunner.java:79)
	at org.junit.runners.BlockJUnit4ClassRunner.runChild(BlockJUnit4ClassRunner.java:71)
	at org.junit.runners.BlockJUnit4ClassRunner.runChild(BlockJUnit4ClassRunner.java:49)
	at org.junit.runners.ParentRunner$3.run(ParentRunner.java:193)
	at org.junit.runners.ParentRunner$1.schedule(ParentRunner.java:52)
	at org.junit.runners.ParentRunner.runChildren(ParentRunner.java:191)
	at org.junit.runners.ParentRunner.access$000(ParentRunner.java:42)
	at org.junit.runners.ParentRunner$2.evaluate(ParentRunner.java:184)
	at org.junit.runners.ParentRunner.run(ParentRunner.java:236)
	at org.apache.maven.surefire.junit4.JUnit4TestSet.execute(JUnit4TestSet.java:53)
	at org.apache.maven.surefire.junit4.JUnit4Provider.executeTestSet(JUnit4Provider.java:119)
	at org.apache.maven.surefire.junit4.JUnit4Provider.invoke(JUnit4Provider.java:101)
	at sun.reflect.NativeMethodAccessorImpl.invoke0(Native Method)
	at sun.reflect.NativeMethodAccessorImpl.invoke(NativeMethodAccessorImpl.java:57)
	at sun.reflect.DelegatingMethodAccessorImpl.invoke(DelegatingMethodAccessorImpl.java:43)
	at java.lang.reflect.Method.invoke(Method.java:616)
	at org.apache.maven.surefire.booter.ProviderFactory$ClassLoaderProxy.invoke(ProviderFactory.java:103)
	at $Proxy0.invoke(Unknown Source)
	at org.apache.maven.surefire.booter.SurefireStarter.invokeProvider(SurefireStarter.java:150)
	at org.apache.maven.surefire.booter.SurefireStarter.runSuitesInProcess(SurefireStarter.java:91)
	at org.apache.maven.surefire.booter.ForkedBooter.main(ForkedBooter.java:69)
</failure>
  </testcase>
</testsuite>